<?xml version="1.0" encoding="UTF-8"?>
<testng-results ignored="0" total="1" passed="1" failed="0" skipped="0">
  <reporter-output>
  </reporter-output>
  <suite started-at="2024-04-12T18:40:03 IST" name="Default suite" finished-at="2024-04-12T18:40:21 IST" duration-ms="18174">
    <groups>
    </groups>
    <test started-at="2024-04-12T18:40:03 IST" name="Default test" finished-at="2024-04-12T18:40:21 IST" duration-ms="18174">
      <class name="NOPP.Nopproject$NopProject">
        <test-method is-config="true" signature="startup()[pri:0, instance:NOPP.Nopproject$NopProject@2a65fe7c]" started-at="2024-04-12T18:40:03 IST" name="startup" finished-at="2024-04-12T18:40:08 IST" duration-ms="5724" status="PASS">
          <reporter-output>
          </reporter-output>
        </test-method> <!-- startup -->
        <test-method signature="Setup()[pri:0, instance:NOPP.Nopproject$NopProject@2a65fe7c]" started-at="2024-04-12T18:40:08 IST" name="Setup" finished-at="2024-04-12T18:40:20 IST" duration-ms="11612" status="PASS">
          <reporter-output>
          </reporter-output>
        </test-method> <!-- Setup -->
        <test-method is-config="true" signature="endup()[pri:0, instance:NOPP.Nopproject$NopProject@2a65fe7c]" started-at="2024-04-12T18:40:20 IST" name="endup" finished-at="2024-04-12T18:40:21 IST" duration-ms="778" status="PASS">
          <reporter-output>
          </reporter-output>
        </test-method> <!-- endup -->
      </class> <!-- NOPP.Nopproject$NopProject -->
    </test> <!-- Default test -->
  </suite> <!-- Default suite -->
</testng-results>
